<?xml version="1.0" encoding="UTF-8"?>
<!-- Generated by org.testng.reporters.JUnitXMLReporter -->
<testsuite hostname="MacBook-Pro-de-Pablo.local" name="Default test" tests="3" failures="0" timestamp="4 Sep 2019 20:51:43 GMT" time="21.212" errors="0">
  <testcase name="ingresarRUTnoSalesForce" time="3.3" classname="scripts.caso0002_Iniciar_Sesion_con_un_RUT_no_registrado_en_salesforce"/>
  <testcase name="ingresarPASS" time="5.438" classname="scripts.caso0002_Iniciar_Sesion_con_un_RUT_no_registrado_en_salesforce"/>
  <testcase name="cargarEvidencias" time="3.008" classname="scripts.caso0002_Iniciar_Sesion_con_un_RUT_no_registrado_en_salesforce"/>
</testsuite> <!-- Default test -->
