<?xml version="1.0" encoding="UTF-8"?>
<testng-results skipped="0" failed="0" total="12" passed="12">
  <reporter-output>
  </reporter-output>
  <suite name="Default suite" duration-ms="365249" started-at="2019-09-09T16:56:06Z" finished-at="2019-09-09T17:02:11Z">
    <groups>
    </groups>
    <test name="Default test" duration-ms="365249" started-at="2019-09-09T16:56:06Z" finished-at="2019-09-09T17:02:11Z">
      <class name="scripts.caso0031_Cambiar_de_estado_Almuerzo_a_Ready_despues_de_5_minutos">
        <test-method status="PASS" signature="ejecutarBrowser()[pri:0, instance:scripts.caso0031_Cambiar_de_estado_Almuerzo_a_Ready_despues_de_5_minutos@6e3c1e69]" name="ejecutarBrowser" is-config="true" duration-ms="4617" started-at="2019-09-09T13:56:06Z" finished-at="2019-09-09T13:56:11Z">
          <reporter-output>
          </reporter-output>
        </test-method> <!-- ejecutarBrowser -->
        <test-method status="PASS" signature="ingresarRUT()[pri:1, instance:scripts.caso0031_Cambiar_de_estado_Almuerzo_a_Ready_despues_de_5_minutos@6e3c1e69]" name="ingresarRUT" duration-ms="3179" started-at="2019-09-09T13:56:11Z" finished-at="2019-09-09T13:56:14Z">
          <reporter-output>
          </reporter-output>
        </test-method> <!-- ingresarRUT -->
        <test-method status="PASS" signature="ingresarPASS()[pri:2, instance:scripts.caso0031_Cambiar_de_estado_Almuerzo_a_Ready_despues_de_5_minutos@6e3c1e69]" name="ingresarPASS" duration-ms="5401" started-at="2019-09-09T13:56:14Z" finished-at="2019-09-09T13:56:19Z">
          <reporter-output>
          </reporter-output>
        </test-method> <!-- ingresarPASS -->
        <test-method status="PASS" signature="validarPagBienvenidos()[pri:3, instance:scripts.caso0031_Cambiar_de_estado_Almuerzo_a_Ready_despues_de_5_minutos@6e3c1e69]" name="validarPagBienvenidos" duration-ms="4557" started-at="2019-09-09T13:56:19Z" finished-at="2019-09-09T13:56:24Z">
          <reporter-output>
          </reporter-output>
        </test-method> <!-- validarPagBienvenidos -->
        <test-method status="PASS" signature="cambioEstado()[pri:4, instance:scripts.caso0031_Cambiar_de_estado_Almuerzo_a_Ready_despues_de_5_minutos@6e3c1e69]" name="cambioEstado" duration-ms="4937" started-at="2019-09-09T13:56:24Z" finished-at="2019-09-09T13:56:29Z">
          <reporter-output>
          </reporter-output>
        </test-method> <!-- cambioEstado -->
        <test-method status="PASS" signature="volverReady()[pri:5, instance:scripts.caso0031_Cambiar_de_estado_Almuerzo_a_Ready_despues_de_5_minutos@6e3c1e69]" name="volverReady" duration-ms="303769" started-at="2019-09-09T13:56:29Z" finished-at="2019-09-09T14:01:33Z">
          <reporter-output>
          </reporter-output>
        </test-method> <!-- volverReady -->
        <test-method status="PASS" signature="iniciandoLlamada()[pri:6, instance:scripts.caso0031_Cambiar_de_estado_Almuerzo_a_Ready_despues_de_5_minutos@6e3c1e69]" name="iniciandoLlamada" duration-ms="10399" started-at="2019-09-09T14:01:33Z" finished-at="2019-09-09T14:01:43Z">
          <reporter-output>
          </reporter-output>
        </test-method> <!-- iniciandoLlamada -->
        <test-method status="PASS" signature="finalizarLlamada()[pri:7, instance:scripts.caso0031_Cambiar_de_estado_Almuerzo_a_Ready_despues_de_5_minutos@6e3c1e69]" name="finalizarLlamada" duration-ms="8502" started-at="2019-09-09T14:01:43Z" finished-at="2019-09-09T14:01:51Z">
          <reporter-output>
          </reporter-output>
        </test-method> <!-- finalizarLlamada -->
        <test-method status="PASS" signature="seleccionDeEstadoCierre()[pri:8, instance:scripts.caso0031_Cambiar_de_estado_Almuerzo_a_Ready_despues_de_5_minutos@6e3c1e69]" name="seleccionDeEstadoCierre" duration-ms="3380" started-at="2019-09-09T14:01:51Z" finished-at="2019-09-09T14:01:55Z">
          <reporter-output>
          </reporter-output>
        </test-method> <!-- seleccionDeEstadoCierre -->
        <test-method status="PASS" signature="agregarNota()[pri:9, instance:scripts.caso0031_Cambiar_de_estado_Almuerzo_a_Ready_despues_de_5_minutos@6e3c1e69]" name="agregarNota" duration-ms="2162" started-at="2019-09-09T14:01:55Z" finished-at="2019-09-09T14:01:57Z">
          <reporter-output>
          </reporter-output>
        </test-method> <!-- agregarNota -->
        <test-method status="PASS" signature="guardarDatos()[pri:10, instance:scripts.caso0031_Cambiar_de_estado_Almuerzo_a_Ready_despues_de_5_minutos@6e3c1e69]" name="guardarDatos" duration-ms="2762" started-at="2019-09-09T14:01:57Z" finished-at="2019-09-09T14:02:00Z">
          <reporter-output>
          </reporter-output>
        </test-method> <!-- guardarDatos -->
        <test-method status="PASS" signature="cerrarSesion()[pri:11, instance:scripts.caso0031_Cambiar_de_estado_Almuerzo_a_Ready_despues_de_5_minutos@6e3c1e69]" name="cerrarSesion" duration-ms="4705" started-at="2019-09-09T14:02:00Z" finished-at="2019-09-09T14:02:04Z">
          <reporter-output>
          </reporter-output>
        </test-method> <!-- cerrarSesion -->
        <test-method status="PASS" signature="cargarEvidencias()[pri:12, instance:scripts.caso0031_Cambiar_de_estado_Almuerzo_a_Ready_despues_de_5_minutos@6e3c1e69]" name="cargarEvidencias" duration-ms="3006" started-at="2019-09-09T14:02:04Z" finished-at="2019-09-09T14:02:07Z">
          <reporter-output>
          </reporter-output>
        </test-method> <!-- cargarEvidencias -->
        <test-method status="PASS" signature="cerrarBrowser()[pri:0, instance:scripts.caso0031_Cambiar_de_estado_Almuerzo_a_Ready_despues_de_5_minutos@6e3c1e69]" name="cerrarBrowser" is-config="true" duration-ms="3844" started-at="2019-09-09T14:02:07Z" finished-at="2019-09-09T14:02:11Z">
          <reporter-output>
          </reporter-output>
        </test-method> <!-- cerrarBrowser -->
      </class> <!-- scripts.caso0031_Cambiar_de_estado_Almuerzo_a_Ready_despues_de_5_minutos -->
    </test> <!-- Default test -->
  </suite> <!-- Default suite -->
</testng-results>
