<?xml version="1.0" encoding="UTF-8"?>
<testng-results skipped="1" failed="2" total="11" passed="8">
  <reporter-output>
  </reporter-output>
  <suite name="Default suite" duration-ms="42158" started-at="2019-09-12T18:33:37Z" finished-at="2019-09-12T18:34:19Z">
    <groups>
    </groups>
    <test name="Default test" duration-ms="42158" started-at="2019-09-12T18:33:37Z" finished-at="2019-09-12T18:34:19Z">
      <class name="scripts.caso0108_Seleccionar_estado_Cerrado_motivo_AFP_Licitada_sin_ingresar_nota_y_guardar">
        <test-method status="PASS" signature="ejecutarBrowser()[pri:0, instance:scripts.caso0108_Seleccionar_estado_Cerrado_motivo_AFP_Licitada_sin_ingresar_nota_y_guardar@646be2c3]" name="ejecutarBrowser" is-config="true" duration-ms="4773" started-at="2019-09-12T15:33:37Z" finished-at="2019-09-12T15:33:41Z">
          <reporter-output>
          </reporter-output>
        </test-method> <!-- ejecutarBrowser -->
        <test-method status="PASS" signature="ingresarRUT()[pri:1, instance:scripts.caso0108_Seleccionar_estado_Cerrado_motivo_AFP_Licitada_sin_ingresar_nota_y_guardar@646be2c3]" name="ingresarRUT" duration-ms="3209" started-at="2019-09-12T15:33:41Z" finished-at="2019-09-12T15:33:45Z">
          <reporter-output>
          </reporter-output>
        </test-method> <!-- ingresarRUT -->
        <test-method status="PASS" signature="ingresarPASS()[pri:2, instance:scripts.caso0108_Seleccionar_estado_Cerrado_motivo_AFP_Licitada_sin_ingresar_nota_y_guardar@646be2c3]" name="ingresarPASS" duration-ms="5364" started-at="2019-09-12T15:33:45Z" finished-at="2019-09-12T15:33:50Z">
          <reporter-output>
          </reporter-output>
        </test-method> <!-- ingresarPASS -->
        <test-method status="PASS" signature="ingresoDashboard()[pri:3, instance:scripts.caso0108_Seleccionar_estado_Cerrado_motivo_AFP_Licitada_sin_ingresar_nota_y_guardar@646be2c3]" name="ingresoDashboard" duration-ms="3299" started-at="2019-09-12T15:33:50Z" finished-at="2019-09-12T15:33:53Z">
          <reporter-output>
          </reporter-output>
        </test-method> <!-- ingresoDashboard -->
        <test-method status="PASS" signature="iniciandoLlamada()[pri:4, instance:scripts.caso0108_Seleccionar_estado_Cerrado_motivo_AFP_Licitada_sin_ingresar_nota_y_guardar@646be2c3]" name="iniciandoLlamada" duration-ms="10401" started-at="2019-09-12T15:33:53Z" finished-at="2019-09-12T15:34:04Z">
          <reporter-output>
          </reporter-output>
        </test-method> <!-- iniciandoLlamada -->
        <test-method status="PASS" signature="finalizarLlamada()[pri:5, instance:scripts.caso0108_Seleccionar_estado_Cerrado_motivo_AFP_Licitada_sin_ingresar_nota_y_guardar@646be2c3]" name="finalizarLlamada" duration-ms="4484" started-at="2019-09-12T15:34:04Z" finished-at="2019-09-12T15:34:08Z">
          <reporter-output>
          </reporter-output>
        </test-method> <!-- finalizarLlamada -->
        <test-method status="PASS" signature="seleccionDeEstadoCierre()[pri:6, instance:scripts.caso0108_Seleccionar_estado_Cerrado_motivo_AFP_Licitada_sin_ingresar_nota_y_guardar@646be2c3]" name="seleccionDeEstadoCierre" duration-ms="3628" started-at="2019-09-12T15:34:08Z" finished-at="2019-09-12T15:34:12Z">
          <reporter-output>
          </reporter-output>
        </test-method> <!-- seleccionDeEstadoCierre -->
        <test-method status="PASS" signature="agregarMotivo()[pri:7, instance:scripts.caso0108_Seleccionar_estado_Cerrado_motivo_AFP_Licitada_sin_ingresar_nota_y_guardar@646be2c3]" name="agregarMotivo" duration-ms="2662" started-at="2019-09-12T15:34:12Z" finished-at="2019-09-12T15:34:14Z">
          <reporter-output>
          </reporter-output>
        </test-method> <!-- agregarMotivo -->
        <test-method status="SKIP" signature="agregarNota()[pri:8, instance:scripts.caso0108_Seleccionar_estado_Cerrado_motivo_AFP_Licitada_sin_ingresar_nota_y_guardar@646be2c3]" name="agregarNota" duration-ms="990" started-at="2019-09-12T15:34:14Z" finished-at="2019-09-12T15:34:15Z">
          <exception class="org.testng.SkipException">
            <message>
              <![CDATA[
 =============================================================== 
 Mensaje de Error: contact the automation. 
    * Exception: org.openqa.selenium.NoSuchElementException: no such element: Unable to locate element: {"method":"xpath","selector":"//*[@id="root"]/div/div/div/div[1]/div/form/div/div[2]/div/div/div/div/div/input"}
  (Session info: chrome=76.0.3809.132)
  (Driver info: chromedriver=2.44.609545 (c2f88692e98ce7233d2df7c724465ecacfe74df5),platform=Mac OS X 10.13.6 x86_64) (WARNING: The server did not provide any stacktrace information)
Command duration or timeout: 0 milliseconds
For documentation on this error, please visit: https://www.seleniumhq.org/exceptions/no_such_element.html
Build info: version: '3.141.59', revision: 'e82be7d358', time: '2018-11-14T08:17:03'
System info: host: 'MacBook-Pro-de-Pablo.local', ip: 'fe80:0:0:0:c89:19a9:6ab5:79d5%en0', os.name: 'Mac OS X', os.arch: 'x86_64', os.version: '10.13.6', java.version: '1.8.0_221'
Driver info: org.openqa.selenium.chrome.ChromeDriver
Capabilities {acceptInsecureCerts: false, acceptSslCerts: false, applicationCacheEnabled: false, browserConnectionEnabled: false, browserName: chrome, chrome: {chromedriverVersion: 2.44.609545 (c2f88692e98ce7..., userDataDir: /var/folders/05/t_68wk0d4l9...}, cssSelectorsEnabled: true, databaseEnabled: false, goog:chromeOptions: {debuggerAddress: localhost:64471}, handlesAlerts: true, hasTouchScreen: false, javascriptEnabled: true, locationContextEnabled: true, mobileEmulationEnabled: false, nativeEvents: true, networkConnectionEnabled: false, pageLoadStrategy: normal, platform: MAC, platformName: MAC, rotatable: false, setWindowRect: true, takesHeapSnapshot: true, takesScreenshot: true, unexpectedAlertBehaviour: ignore, unhandledPromptBehavior: ignore, version: 76.0.3809.132, webStorageEnabled: true}
Session ID: 4869c2974e48a502e322e3be01622e4b
*** Element info: {Using=xpath, value=//*[@id="root"]/div/div/div/div[1]/div/form/div/div[2]/div/div/div/div/div/input}
    * Message: no such element: Unable to locate element: {"method":"xpath","selector":"//*[@id="root"]/div/div/div/div[1]/div/form/div/div[2]/div/div/div/div/div/input"}
  (Session info: chrome=76.0.3809.132)
  (Driver info: chromedriver=2.44.609545 (c2f88692e98ce7233d2df7c724465ecacfe74df5),platform=Mac OS X 10.13.6 x86_64) (WARNING: The server did not provide any stacktrace information)
Command duration or timeout: 0 milliseconds
For documentation on this error, please visit: https://www.seleniumhq.org/exceptions/no_such_element.html
Build info: version: '3.141.59', revision: 'e82be7d358', time: '2018-11-14T08:17:03'
System info: host: 'MacBook-Pro-de-Pablo.local', ip: 'fe80:0:0:0:c89:19a9:6ab5:79d5%en0', os.name: 'Mac OS X', os.arch: 'x86_64', os.version: '10.13.6', java.version: '1.8.0_221'
Driver info: org.openqa.selenium.chrome.ChromeDriver
Capabilities {acceptInsecureCerts: false, acceptSslCerts: false, applicationCacheEnabled: false, browserConnectionEnabled: false, browserName: chrome, chrome: {chromedriverVersion: 2.44.609545 (c2f88692e98ce7..., userDataDir: /var/folders/05/t_68wk0d4l9...}, cssSelectorsEnabled: true, databaseEnabled: false, goog:chromeOptions: {debuggerAddress: localhost:64471}, handlesAlerts: true, hasTouchScreen: false, javascriptEnabled: true, locationContextEnabled: true, mobileEmulationEnabled: false, nativeEvents: true, networkConnectionEnabled: false, pageLoadStrategy: normal, platform: MAC, platformName: MAC, rotatable: false, setWindowRect: true, takesHeapSnapshot: true, takesScreenshot: true, unexpectedAlertBehaviour: ignore, unhandledPromptBehavior: ignore, version: 76.0.3809.132, webStorageEnabled: true}
Session ID: 4869c2974e48a502e322e3be01622e4b
*** Element info: {Using=xpath, value=//*[@id="root"]/div/div/div/div[1]/div/form/div/div[2]/div/div/div/div/div/input}
    * Localized Message: no such element: Unable to locate element: {"method":"xpath","selector":"//*[@id="root"]/div/div/div/div[1]/div/form/div/div[2]/div/div/div/div/div/input"}
  (Session info: chrome=76.0.3809.132)
  (Driver info: chromedriver=2.44.609545 (c2f88692e98ce7233d2df7c724465ecacfe74df5),platform=Mac OS X 10.13.6 x86_64) (WARNING: The server did not provide any stacktrace information)
Command duration or timeout: 0 milliseconds
For documentation on this error, please visit: https://www.seleniumhq.org/exceptions/no_such_element.html
Build info: version: '3.141.59', revision: 'e82be7d358', time: '2018-11-14T08:17:03'
System info: host: 'MacBook-Pro-de-Pablo.local', ip: 'fe80:0:0:0:c89:19a9:6ab5:79d5%en0', os.name: 'Mac OS X', os.arch: 'x86_64', os.version: '10.13.6', java.version: '1.8.0_221'
Driver info: org.openqa.selenium.chrome.ChromeDriver
Capabilities {acceptInsecureCerts: false, acceptSslCerts: false, applicationCacheEnabled: false, browserConnectionEnabled: false, browserName: chrome, chrome: {chromedriverVersion: 2.44.609545 (c2f88692e98ce7..., userDataDir: /var/folders/05/t_68wk0d4l9...}, cssSelectorsEnabled: true, databaseEnabled: false, goog:chromeOptions: {debuggerAddress: localhost:64471}, handlesAlerts: true, hasTouchScreen: false, javascriptEnabled: true, locationContextEnabled: true, mobileEmulationEnabled: false, nativeEvents: true, networkConnectionEnabled: false, pageLoadStrategy: normal, platform: MAC, platformName: MAC, rotatable: false, setWindowRect: true, takesHeapSnapshot: true, takesScreenshot: true, unexpectedAlertBehaviour: ignore, unhandledPromptBehavior: ignore, version: 76.0.3809.132, webStorageEnabled: true}
Session ID: 4869c2974e48a502e322e3be01622e4b
*** Element info: {Using=xpath, value=//*[@id="root"]/div/div/div/div[1]/div/form/div/div[2]/div/div/div/div/div/input}
    * Cause: null
    * fillInStackTrace: org.openqa.selenium.NoSuchElementException: no such element: Unable to locate element: {"method":"xpath","selector":"//*[@id="root"]/div/div/div/div[1]/div/form/div/div[2]/div/div/div/div/div/input"}
  (Session info: chrome=76.0.3809.132)
  (Driver info: chromedriver=2.44.609545 (c2f88692e98ce7233d2df7c724465ecacfe74df5),platform=Mac OS X 10.13.6 x86_64) (WARNING: The server did not provide any stacktrace information)
Command duration or timeout: 0 milliseconds
For documentation on this error, please visit: https://www.seleniumhq.org/exceptions/no_such_element.html
Build info: version: '3.141.59', revision: 'e82be7d358', time: '2018-11-14T08:17:03'
System info: host: 'MacBook-Pro-de-Pablo.local', ip: 'fe80:0:0:0:c89:19a9:6ab5:79d5%en0', os.name: 'Mac OS X', os.arch: 'x86_64', os.version: '10.13.6', java.version: '1.8.0_221'
Driver info: org.openqa.selenium.chrome.ChromeDriver
Capabilities {acceptInsecureCerts: false, acceptSslCerts: false, applicationCacheEnabled: false, browserConnectionEnabled: false, browserName: chrome, chrome: {chromedriverVersion: 2.44.609545 (c2f88692e98ce7..., userDataDir: /var/folders/05/t_68wk0d4l9...}, cssSelectorsEnabled: true, databaseEnabled: false, goog:chromeOptions: {debuggerAddress: localhost:64471}, handlesAlerts: true, hasTouchScreen: false, javascriptEnabled: true, locationContextEnabled: true, mobileEmulationEnabled: false, nativeEvents: true, networkConnectionEnabled: false, pageLoadStrategy: normal, platform: MAC, platformName: MAC, rotatable: false, setWindowRect: true, takesHeapSnapshot: true, takesScreenshot: true, unexpectedAlertBehaviour: ignore, unhandledPromptBehavior: ignore, version: 76.0.3809.132, webStorageEnabled: true}
Session ID: 4869c2974e48a502e322e3be01622e4b
*** Element info: {Using=xpath, value=//*[@id="root"]/div/div/div/div[1]/div/form/div/div[2]/div/div/div/div/div/input}
    * Clase: org.openqa.selenium.NoSuchElementException
    * Suppressed: [Ljava.lang.Throwable;@5af9926a
 ===============================================================]]>
            </message>
            <full-stacktrace>
              <![CDATA[org.testng.SkipException: 
 =============================================================== 
 Mensaje de Error: contact the automation. 
    * Exception: org.openqa.selenium.NoSuchElementException: no such element: Unable to locate element: {"method":"xpath","selector":"//*[@id="root"]/div/div/div/div[1]/div/form/div/div[2]/div/div/div/div/div/input"}
  (Session info: chrome=76.0.3809.132)
  (Driver info: chromedriver=2.44.609545 (c2f88692e98ce7233d2df7c724465ecacfe74df5),platform=Mac OS X 10.13.6 x86_64) (WARNING: The server did not provide any stacktrace information)
Command duration or timeout: 0 milliseconds
For documentation on this error, please visit: https://www.seleniumhq.org/exceptions/no_such_element.html
Build info: version: '3.141.59', revision: 'e82be7d358', time: '2018-11-14T08:17:03'
System info: host: 'MacBook-Pro-de-Pablo.local', ip: 'fe80:0:0:0:c89:19a9:6ab5:79d5%en0', os.name: 'Mac OS X', os.arch: 'x86_64', os.version: '10.13.6', java.version: '1.8.0_221'
Driver info: org.openqa.selenium.chrome.ChromeDriver
Capabilities {acceptInsecureCerts: false, acceptSslCerts: false, applicationCacheEnabled: false, browserConnectionEnabled: false, browserName: chrome, chrome: {chromedriverVersion: 2.44.609545 (c2f88692e98ce7..., userDataDir: /var/folders/05/t_68wk0d4l9...}, cssSelectorsEnabled: true, databaseEnabled: false, goog:chromeOptions: {debuggerAddress: localhost:64471}, handlesAlerts: true, hasTouchScreen: false, javascriptEnabled: true, locationContextEnabled: true, mobileEmulationEnabled: false, nativeEvents: true, networkConnectionEnabled: false, pageLoadStrategy: normal, platform: MAC, platformName: MAC, rotatable: false, setWindowRect: true, takesHeapSnapshot: true, takesScreenshot: true, unexpectedAlertBehaviour: ignore, unhandledPromptBehavior: ignore, version: 76.0.3809.132, webStorageEnabled: true}
Session ID: 4869c2974e48a502e322e3be01622e4b
*** Element info: {Using=xpath, value=//*[@id="root"]/div/div/div/div[1]/div/form/div/div[2]/div/div/div/div/div/input}
    * Message: no such element: Unable to locate element: {"method":"xpath","selector":"//*[@id="root"]/div/div/div/div[1]/div/form/div/div[2]/div/div/div/div/div/input"}
  (Session info: chrome=76.0.3809.132)
  (Driver info: chromedriver=2.44.609545 (c2f88692e98ce7233d2df7c724465ecacfe74df5),platform=Mac OS X 10.13.6 x86_64) (WARNING: The server did not provide any stacktrace information)
Command duration or timeout: 0 milliseconds
For documentation on this error, please visit: https://www.seleniumhq.org/exceptions/no_such_element.html
Build info: version: '3.141.59', revision: 'e82be7d358', time: '2018-11-14T08:17:03'
System info: host: 'MacBook-Pro-de-Pablo.local', ip: 'fe80:0:0:0:c89:19a9:6ab5:79d5%en0', os.name: 'Mac OS X', os.arch: 'x86_64', os.version: '10.13.6', java.version: '1.8.0_221'
Driver info: org.openqa.selenium.chrome.ChromeDriver
Capabilities {acceptInsecureCerts: false, acceptSslCerts: false, applicationCacheEnabled: false, browserConnectionEnabled: false, browserName: chrome, chrome: {chromedriverVersion: 2.44.609545 (c2f88692e98ce7..., userDataDir: /var/folders/05/t_68wk0d4l9...}, cssSelectorsEnabled: true, databaseEnabled: false, goog:chromeOptions: {debuggerAddress: localhost:64471}, handlesAlerts: true, hasTouchScreen: false, javascriptEnabled: true, locationContextEnabled: true, mobileEmulationEnabled: false, nativeEvents: true, networkConnectionEnabled: false, pageLoadStrategy: normal, platform: MAC, platformName: MAC, rotatable: false, setWindowRect: true, takesHeapSnapshot: true, takesScreenshot: true, unexpectedAlertBehaviour: ignore, unhandledPromptBehavior: ignore, version: 76.0.3809.132, webStorageEnabled: true}
Session ID: 4869c2974e48a502e322e3be01622e4b
*** Element info: {Using=xpath, value=//*[@id="root"]/div/div/div/div[1]/div/form/div/div[2]/div/div/div/div/div/input}
    * Localized Message: no such element: Unable to locate element: {"method":"xpath","selector":"//*[@id="root"]/div/div/div/div[1]/div/form/div/div[2]/div/div/div/div/div/input"}
  (Session info: chrome=76.0.3809.132)
  (Driver info: chromedriver=2.44.609545 (c2f88692e98ce7233d2df7c724465ecacfe74df5),platform=Mac OS X 10.13.6 x86_64) (WARNING: The server did not provide any stacktrace information)
Command duration or timeout: 0 milliseconds
For documentation on this error, please visit: https://www.seleniumhq.org/exceptions/no_such_element.html
Build info: version: '3.141.59', revision: 'e82be7d358', time: '2018-11-14T08:17:03'
System info: host: 'MacBook-Pro-de-Pablo.local', ip: 'fe80:0:0:0:c89:19a9:6ab5:79d5%en0', os.name: 'Mac OS X', os.arch: 'x86_64', os.version: '10.13.6', java.version: '1.8.0_221'
Driver info: org.openqa.selenium.chrome.ChromeDriver
Capabilities {acceptInsecureCerts: false, acceptSslCerts: false, applicationCacheEnabled: false, browserConnectionEnabled: false, browserName: chrome, chrome: {chromedriverVersion: 2.44.609545 (c2f88692e98ce7..., userDataDir: /var/folders/05/t_68wk0d4l9...}, cssSelectorsEnabled: true, databaseEnabled: false, goog:chromeOptions: {debuggerAddress: localhost:64471}, handlesAlerts: true, hasTouchScreen: false, javascriptEnabled: true, locationContextEnabled: true, mobileEmulationEnabled: false, nativeEvents: true, networkConnectionEnabled: false, pageLoadStrategy: normal, platform: MAC, platformName: MAC, rotatable: false, setWindowRect: true, takesHeapSnapshot: true, takesScreenshot: true, unexpectedAlertBehaviour: ignore, unhandledPromptBehavior: ignore, version: 76.0.3809.132, webStorageEnabled: true}
Session ID: 4869c2974e48a502e322e3be01622e4b
*** Element info: {Using=xpath, value=//*[@id="root"]/div/div/div/div[1]/div/form/div/div[2]/div/div/div/div/div/input}
    * Cause: null
    * fillInStackTrace: org.openqa.selenium.NoSuchElementException: no such element: Unable to locate element: {"method":"xpath","selector":"//*[@id="root"]/div/div/div/div[1]/div/form/div/div[2]/div/div/div/div/div/input"}
  (Session info: chrome=76.0.3809.132)
  (Driver info: chromedriver=2.44.609545 (c2f88692e98ce7233d2df7c724465ecacfe74df5),platform=Mac OS X 10.13.6 x86_64) (WARNING: The server did not provide any stacktrace information)
Command duration or timeout: 0 milliseconds
For documentation on this error, please visit: https://www.seleniumhq.org/exceptions/no_such_element.html
Build info: version: '3.141.59', revision: 'e82be7d358', time: '2018-11-14T08:17:03'
System info: host: 'MacBook-Pro-de-Pablo.local', ip: 'fe80:0:0:0:c89:19a9:6ab5:79d5%en0', os.name: 'Mac OS X', os.arch: 'x86_64', os.version: '10.13.6', java.version: '1.8.0_221'
Driver info: org.openqa.selenium.chrome.ChromeDriver
Capabilities {acceptInsecureCerts: false, acceptSslCerts: false, applicationCacheEnabled: false, browserConnectionEnabled: false, browserName: chrome, chrome: {chromedriverVersion: 2.44.609545 (c2f88692e98ce7..., userDataDir: /var/folders/05/t_68wk0d4l9...}, cssSelectorsEnabled: true, databaseEnabled: false, goog:chromeOptions: {debuggerAddress: localhost:64471}, handlesAlerts: true, hasTouchScreen: false, javascriptEnabled: true, locationContextEnabled: true, mobileEmulationEnabled: false, nativeEvents: true, networkConnectionEnabled: false, pageLoadStrategy: normal, platform: MAC, platformName: MAC, rotatable: false, setWindowRect: true, takesHeapSnapshot: true, takesScreenshot: true, unexpectedAlertBehaviour: ignore, unhandledPromptBehavior: ignore, version: 76.0.3809.132, webStorageEnabled: true}
Session ID: 4869c2974e48a502e322e3be01622e4b
*** Element info: {Using=xpath, value=//*[@id="root"]/div/div/div/div[1]/div/form/div/div[2]/div/div/div/div/div/input}
    * Clase: org.openqa.selenium.NoSuchElementException
    * Suppressed: [Ljava.lang.Throwable;@5af9926a
 ===============================================================
	at Tools.tools.skipScript(tools.java:211)
	at scripts.caso0108_Seleccionar_estado_Cerrado_motivo_AFP_Licitada_sin_ingresar_nota_y_guardar.agregarNota(caso0108_Seleccionar_estado_Cerrado_motivo_AFP_Licitada_sin_ingresar_nota_y_guardar.java:223)
	at sun.reflect.NativeMethodAccessorImpl.invoke0(Native Method)
	at sun.reflect.NativeMethodAccessorImpl.invoke(NativeMethodAccessorImpl.java:62)
	at sun.reflect.DelegatingMethodAccessorImpl.invoke(DelegatingMethodAccessorImpl.java:43)
	at java.lang.reflect.Method.invoke(Method.java:498)
	at org.testng.internal.MethodInvocationHelper.invokeMethod(MethodInvocationHelper.java:86)
	at org.testng.internal.Invoker.invokeMethod(Invoker.java:645)
	at org.testng.internal.Invoker.invokeTestMethod(Invoker.java:822)
	at org.testng.internal.Invoker.invokeTestMethods(Invoker.java:1130)
	at org.testng.internal.TestMethodWorker.invokeTestMethods(TestMethodWorker.java:129)
	at org.testng.internal.TestMethodWorker.run(TestMethodWorker.java:112)
	at org.testng.TestRunner.privateRun(TestRunner.java:782)
	at org.testng.TestRunner.run(TestRunner.java:632)
	at org.testng.SuiteRunner.runTest(SuiteRunner.java:366)
	at org.testng.SuiteRunner.runSequentially(SuiteRunner.java:361)
	at org.testng.SuiteRunner.privateRun(SuiteRunner.java:319)
	at org.testng.SuiteRunner.run(SuiteRunner.java:268)
	at org.testng.SuiteRunnerWorker.runSuite(SuiteRunnerWorker.java:52)
	at org.testng.SuiteRunnerWorker.run(SuiteRunnerWorker.java:86)
	at org.testng.TestNG.runSuitesSequentially(TestNG.java:1244)
	at org.testng.TestNG.runSuitesLocally(TestNG.java:1169)
	at org.testng.TestNG.run(TestNG.java:1064)
	at org.testng.remote.RemoteTestNG.run(RemoteTestNG.java:113)
	at org.testng.remote.RemoteTestNG.initAndRun(RemoteTestNG.java:206)
	at org.testng.remote.RemoteTestNG.main(RemoteTestNG.java:177)
]]>
            </full-stacktrace>
          </exception> <!-- org.testng.SkipException -->
          <reporter-output>
          </reporter-output>
        </test-method> <!-- agregarNota -->
        <test-method status="FAIL" signature="guardarDatos()[pri:9, instance:scripts.caso0108_Seleccionar_estado_Cerrado_motivo_AFP_Licitada_sin_ingresar_nota_y_guardar@646be2c3]" name="guardarDatos" duration-ms="1" started-at="2019-09-12T15:34:15Z" finished-at="2019-09-12T15:34:15Z">
          <exception class="org.openqa.selenium.NoSuchSessionException">
            <message>
              <![CDATA[Session ID is null. Using WebDriver after calling quit()?
Build info: version: '3.141.59', revision: 'e82be7d358', time: '2018-11-14T08:17:03'
System info: host: 'MacBook-Pro-de-Pablo.local', ip: 'fe80:0:0:0:c89:19a9:6ab5:79d5%en0', os.name: 'Mac OS X', os.arch: 'x86_64', os.version: '10.13.6', java.version: '1.8.0_221'
Driver info: driver.version: RemoteWebDriver]]>
            </message>
            <full-stacktrace>
              <![CDATA[org.openqa.selenium.NoSuchSessionException: Session ID is null. Using WebDriver after calling quit()?
Build info: version: '3.141.59', revision: 'e82be7d358', time: '2018-11-14T08:17:03'
System info: host: 'MacBook-Pro-de-Pablo.local', ip: 'fe80:0:0:0:c89:19a9:6ab5:79d5%en0', os.name: 'Mac OS X', os.arch: 'x86_64', os.version: '10.13.6', java.version: '1.8.0_221'
Driver info: driver.version: RemoteWebDriver
	at org.openqa.selenium.remote.HttpCommandExecutor.execute(HttpCommandExecutor.java:125)
	at org.openqa.selenium.remote.service.DriverCommandExecutor.execute(DriverCommandExecutor.java:83)
	at org.openqa.selenium.remote.RemoteWebDriver.execute(RemoteWebDriver.java:552)
	at org.openqa.selenium.remote.RemoteWebDriver.execute(RemoteWebDriver.java:609)
	at org.openqa.selenium.remote.RemoteWebDriver.close(RemoteWebDriver.java:442)
	at Tools.tools.stop(tools.java:133)
	at Tools.tools.skipScript(tools.java:210)
	at scripts.caso0108_Seleccionar_estado_Cerrado_motivo_AFP_Licitada_sin_ingresar_nota_y_guardar.guardarDatos(caso0108_Seleccionar_estado_Cerrado_motivo_AFP_Licitada_sin_ingresar_nota_y_guardar.java:243)
	at sun.reflect.NativeMethodAccessorImpl.invoke0(Native Method)
	at sun.reflect.NativeMethodAccessorImpl.invoke(NativeMethodAccessorImpl.java:62)
	at sun.reflect.DelegatingMethodAccessorImpl.invoke(DelegatingMethodAccessorImpl.java:43)
	at java.lang.reflect.Method.invoke(Method.java:498)
	at org.testng.internal.MethodInvocationHelper.invokeMethod(MethodInvocationHelper.java:86)
	at org.testng.internal.Invoker.invokeMethod(Invoker.java:645)
	at org.testng.internal.Invoker.invokeTestMethod(Invoker.java:822)
	at org.testng.internal.Invoker.invokeTestMethods(Invoker.java:1130)
	at org.testng.internal.TestMethodWorker.invokeTestMethods(TestMethodWorker.java:129)
	at org.testng.internal.TestMethodWorker.run(TestMethodWorker.java:112)
	at org.testng.TestRunner.privateRun(TestRunner.java:782)
	at org.testng.TestRunner.run(TestRunner.java:632)
	at org.testng.SuiteRunner.runTest(SuiteRunner.java:366)
	at org.testng.SuiteRunner.runSequentially(SuiteRunner.java:361)
	at org.testng.SuiteRunner.privateRun(SuiteRunner.java:319)
	at org.testng.SuiteRunner.run(SuiteRunner.java:268)
	at org.testng.SuiteRunnerWorker.runSuite(SuiteRunnerWorker.java:52)
	at org.testng.SuiteRunnerWorker.run(SuiteRunnerWorker.java:86)
	at org.testng.TestNG.runSuitesSequentially(TestNG.java:1244)
	at org.testng.TestNG.runSuitesLocally(TestNG.java:1169)
	at org.testng.TestNG.run(TestNG.java:1064)
	at org.testng.remote.RemoteTestNG.run(RemoteTestNG.java:113)
	at org.testng.remote.RemoteTestNG.initAndRun(RemoteTestNG.java:206)
	at org.testng.remote.RemoteTestNG.main(RemoteTestNG.java:177)
]]>
            </full-stacktrace>
          </exception> <!-- org.openqa.selenium.NoSuchSessionException -->
          <reporter-output>
          </reporter-output>
        </test-method> <!-- guardarDatos -->
        <test-method status="FAIL" signature="cerrarSesion()[pri:10, instance:scripts.caso0108_Seleccionar_estado_Cerrado_motivo_AFP_Licitada_sin_ingresar_nota_y_guardar@646be2c3]" name="cerrarSesion" duration-ms="305" started-at="2019-09-12T15:34:15Z" finished-at="2019-09-12T15:34:16Z">
          <exception class="org.openqa.selenium.NoSuchSessionException">
            <message>
              <![CDATA[Session ID is null. Using WebDriver after calling quit()?
Build info: version: '3.141.59', revision: 'e82be7d358', time: '2018-11-14T08:17:03'
System info: host: 'MacBook-Pro-de-Pablo.local', ip: 'fe80:0:0:0:c89:19a9:6ab5:79d5%en0', os.name: 'Mac OS X', os.arch: 'x86_64', os.version: '10.13.6', java.version: '1.8.0_221'
Driver info: driver.version: RemoteWebDriver]]>
            </message>
            <full-stacktrace>
              <![CDATA[org.openqa.selenium.NoSuchSessionException: Session ID is null. Using WebDriver after calling quit()?
Build info: version: '3.141.59', revision: 'e82be7d358', time: '2018-11-14T08:17:03'
System info: host: 'MacBook-Pro-de-Pablo.local', ip: 'fe80:0:0:0:c89:19a9:6ab5:79d5%en0', os.name: 'Mac OS X', os.arch: 'x86_64', os.version: '10.13.6', java.version: '1.8.0_221'
Driver info: driver.version: RemoteWebDriver
	at org.openqa.selenium.remote.HttpCommandExecutor.execute(HttpCommandExecutor.java:125)
	at org.openqa.selenium.remote.service.DriverCommandExecutor.execute(DriverCommandExecutor.java:83)
	at org.openqa.selenium.remote.RemoteWebDriver.execute(RemoteWebDriver.java:552)
	at org.openqa.selenium.remote.RemoteWebDriver.execute(RemoteWebDriver.java:609)
	at org.openqa.selenium.remote.RemoteWebDriver.close(RemoteWebDriver.java:442)
	at Tools.tools.stop(tools.java:133)
	at Tools.tools.skipScript(tools.java:210)
	at scripts.caso0108_Seleccionar_estado_Cerrado_motivo_AFP_Licitada_sin_ingresar_nota_y_guardar.cerrarSesion(caso0108_Seleccionar_estado_Cerrado_motivo_AFP_Licitada_sin_ingresar_nota_y_guardar.java:272)
	at sun.reflect.NativeMethodAccessorImpl.invoke0(Native Method)
	at sun.reflect.NativeMethodAccessorImpl.invoke(NativeMethodAccessorImpl.java:62)
	at sun.reflect.DelegatingMethodAccessorImpl.invoke(DelegatingMethodAccessorImpl.java:43)
	at java.lang.reflect.Method.invoke(Method.java:498)
	at org.testng.internal.MethodInvocationHelper.invokeMethod(MethodInvocationHelper.java:86)
	at org.testng.internal.Invoker.invokeMethod(Invoker.java:645)
	at org.testng.internal.Invoker.invokeTestMethod(Invoker.java:822)
	at org.testng.internal.Invoker.invokeTestMethods(Invoker.java:1130)
	at org.testng.internal.TestMethodWorker.invokeTestMethods(TestMethodWorker.java:129)
	at org.testng.internal.TestMethodWorker.run(TestMethodWorker.java:112)
	at org.testng.TestRunner.privateRun(TestRunner.java:782)
	at org.testng.TestRunner.run(TestRunner.java:632)
	at org.testng.SuiteRunner.runTest(SuiteRunner.java:366)
	at org.testng.SuiteRunner.runSequentially(SuiteRunner.java:361)
	at org.testng.SuiteRunner.privateRun(SuiteRunner.java:319)
	at org.testng.SuiteRunner.run(SuiteRunner.java:268)
	at org.testng.SuiteRunnerWorker.runSuite(SuiteRunnerWorker.java:52)
	at org.testng.SuiteRunnerWorker.run(SuiteRunnerWorker.java:86)
	at org.testng.TestNG.runSuitesSequentially(TestNG.java:1244)
	at org.testng.TestNG.runSuitesLocally(TestNG.java:1169)
	at org.testng.TestNG.run(TestNG.java:1064)
	at org.testng.remote.RemoteTestNG.run(RemoteTestNG.java:113)
	at org.testng.remote.RemoteTestNG.initAndRun(RemoteTestNG.java:206)
	at org.testng.remote.RemoteTestNG.main(RemoteTestNG.java:177)
]]>
            </full-stacktrace>
          </exception> <!-- org.openqa.selenium.NoSuchSessionException -->
          <reporter-output>
          </reporter-output>
        </test-method> <!-- cerrarSesion -->
        <test-method status="PASS" signature="cargarEvidencias()[pri:11, instance:scripts.caso0108_Seleccionar_estado_Cerrado_motivo_AFP_Licitada_sin_ingresar_nota_y_guardar@646be2c3]" name="cargarEvidencias" duration-ms="3010" started-at="2019-09-12T15:34:16Z" finished-at="2019-09-12T15:34:19Z">
          <reporter-output>
          </reporter-output>
        </test-method> <!-- cargarEvidencias -->
        <test-method status="FAIL" signature="cerrarBrowser()[pri:0, instance:scripts.caso0108_Seleccionar_estado_Cerrado_motivo_AFP_Licitada_sin_ingresar_nota_y_guardar@646be2c3]" name="cerrarBrowser" is-config="true" duration-ms="0" started-at="2019-09-12T15:34:19Z" finished-at="2019-09-12T15:34:19Z">
          <exception class="org.openqa.selenium.NoSuchSessionException">
            <message>
              <![CDATA[Session ID is null. Using WebDriver after calling quit()?
Build info: version: '3.141.59', revision: 'e82be7d358', time: '2018-11-14T08:17:03'
System info: host: 'MacBook-Pro-de-Pablo.local', ip: 'fe80:0:0:0:c89:19a9:6ab5:79d5%en0', os.name: 'Mac OS X', os.arch: 'x86_64', os.version: '10.13.6', java.version: '1.8.0_221'
Driver info: driver.version: RemoteWebDriver]]>
            </message>
            <full-stacktrace>
              <![CDATA[org.openqa.selenium.NoSuchSessionException: Session ID is null. Using WebDriver after calling quit()?
Build info: version: '3.141.59', revision: 'e82be7d358', time: '2018-11-14T08:17:03'
System info: host: 'MacBook-Pro-de-Pablo.local', ip: 'fe80:0:0:0:c89:19a9:6ab5:79d5%en0', os.name: 'Mac OS X', os.arch: 'x86_64', os.version: '10.13.6', java.version: '1.8.0_221'
Driver info: driver.version: RemoteWebDriver
	at org.openqa.selenium.remote.HttpCommandExecutor.execute(HttpCommandExecutor.java:125)
	at org.openqa.selenium.remote.service.DriverCommandExecutor.execute(DriverCommandExecutor.java:83)
	at org.openqa.selenium.remote.RemoteWebDriver.execute(RemoteWebDriver.java:552)
	at org.openqa.selenium.remote.RemoteWebDriver.execute(RemoteWebDriver.java:609)
	at org.openqa.selenium.remote.RemoteWebDriver.close(RemoteWebDriver.java:442)
	at Tools.tools.stop(tools.java:133)
	at Tools.tools.skipScript(tools.java:210)
	at scripts.caso0108_Seleccionar_estado_Cerrado_motivo_AFP_Licitada_sin_ingresar_nota_y_guardar.cerrarBrowser(caso0108_Seleccionar_estado_Cerrado_motivo_AFP_Licitada_sin_ingresar_nota_y_guardar.java:322)
	at sun.reflect.NativeMethodAccessorImpl.invoke0(Native Method)
	at sun.reflect.NativeMethodAccessorImpl.invoke(NativeMethodAccessorImpl.java:62)
	at sun.reflect.DelegatingMethodAccessorImpl.invoke(DelegatingMethodAccessorImpl.java:43)
	at java.lang.reflect.Method.invoke(Method.java:498)
	at org.testng.internal.MethodInvocationHelper.invokeMethod(MethodInvocationHelper.java:86)
	at org.testng.internal.Invoker.invokeConfigurationMethod(Invoker.java:514)
	at org.testng.internal.Invoker.invokeConfigurations(Invoker.java:215)
	at org.testng.internal.Invoker.invokeConfigurations(Invoker.java:142)
	at org.testng.TestRunner.afterRun(TestRunner.java:1012)
	at org.testng.TestRunner.run(TestRunner.java:636)
	at org.testng.SuiteRunner.runTest(SuiteRunner.java:366)
	at org.testng.SuiteRunner.runSequentially(SuiteRunner.java:361)
	at org.testng.SuiteRunner.privateRun(SuiteRunner.java:319)
	at org.testng.SuiteRunner.run(SuiteRunner.java:268)
	at org.testng.SuiteRunnerWorker.runSuite(SuiteRunnerWorker.java:52)
	at org.testng.SuiteRunnerWorker.run(SuiteRunnerWorker.java:86)
	at org.testng.TestNG.runSuitesSequentially(TestNG.java:1244)
	at org.testng.TestNG.runSuitesLocally(TestNG.java:1169)
	at org.testng.TestNG.run(TestNG.java:1064)
	at org.testng.remote.RemoteTestNG.run(RemoteTestNG.java:113)
	at org.testng.remote.RemoteTestNG.initAndRun(RemoteTestNG.java:206)
	at org.testng.remote.RemoteTestNG.main(RemoteTestNG.java:177)
]]>
            </full-stacktrace>
          </exception> <!-- org.openqa.selenium.NoSuchSessionException -->
          <reporter-output>
          </reporter-output>
        </test-method> <!-- cerrarBrowser -->
      </class> <!-- scripts.caso0108_Seleccionar_estado_Cerrado_motivo_AFP_Licitada_sin_ingresar_nota_y_guardar -->
    </test> <!-- Default test -->
  </suite> <!-- Default suite -->
</testng-results>
