<?xml version="1.0" encoding="UTF-8"?>
<testng-results skipped="0" failed="0" total="2" passed="2">
  <reporter-output>
  </reporter-output>
  <suite name="Default suite" duration-ms="14106" started-at="2019-08-20T18:52:46Z" finished-at="2019-08-20T18:53:00Z">
    <groups>
    </groups>
    <test name="Default test" duration-ms="14106" started-at="2019-08-20T18:52:46Z" finished-at="2019-08-20T18:53:00Z">
      <class name="scripts.caso0001_Validar_valor_rut_invalido">
        <test-method status="PASS" signature="ejecutarBrowser()[pri:0, instance:scripts.caso0001_Validar_valor_rut_invalido@2aaf7cc2]" name="ejecutarBrowser" is-config="true" duration-ms="4752" started-at="2019-08-20T14:52:46Z" finished-at="2019-08-20T14:52:51Z">
          <reporter-output>
          </reporter-output>
        </test-method> <!-- ejecutarBrowser -->
        <test-method status="PASS" signature="ingresarRutInvalido()[pri:0, instance:scripts.caso0001_Validar_valor_rut_invalido@2aaf7cc2]" name="ingresarRutInvalido" duration-ms="2485" started-at="2019-08-20T14:52:51Z" finished-at="2019-08-20T14:52:53Z">
          <reporter-output>
          </reporter-output>
        </test-method> <!-- ingresarRutInvalido -->
        <test-method status="PASS" signature="cargarEvidencias()[pri:1, instance:scripts.caso0001_Validar_valor_rut_invalido@2aaf7cc2]" name="cargarEvidencias" duration-ms="3012" started-at="2019-08-20T14:52:53Z" finished-at="2019-08-20T14:52:56Z">
          <reporter-output>
          </reporter-output>
        </test-method> <!-- cargarEvidencias -->
        <test-method status="PASS" signature="cerrarBrowser()[pri:0, instance:scripts.caso0001_Validar_valor_rut_invalido@2aaf7cc2]" name="cerrarBrowser" is-config="true" duration-ms="3842" started-at="2019-08-20T14:52:56Z" finished-at="2019-08-20T14:53:00Z">
          <reporter-output>
          </reporter-output>
        </test-method> <!-- cerrarBrowser -->
      </class> <!-- scripts.caso0001_Validar_valor_rut_invalido -->
    </test> <!-- Default test -->
  </suite> <!-- Default suite -->
</testng-results>
