<?xml version="1.0" encoding="UTF-8"?>
<testng-results skipped="0" failed="0" total="6" passed="6">
  <reporter-output>
  </reporter-output>
  <suite name="Default suite" duration-ms="34415" started-at="2019-09-06T16:24:31Z" finished-at="2019-09-06T16:25:05Z">
    <groups>
    </groups>
    <test name="Default test" duration-ms="34415" started-at="2019-09-06T16:24:31Z" finished-at="2019-09-06T16:25:05Z">
      <class name="scripts.caso0026_Cambiar_a_estado_Almuerzo">
        <test-method status="PASS" signature="ejecutarBrowser()[pri:0, instance:scripts.caso0026_Cambiar_a_estado_Almuerzo@2aaf7cc2]" name="ejecutarBrowser" is-config="true" duration-ms="5062" started-at="2019-09-06T12:24:31Z" finished-at="2019-09-06T12:24:36Z">
          <reporter-output>
          </reporter-output>
        </test-method> <!-- ejecutarBrowser -->
        <test-method status="PASS" signature="ingresarRUT()[pri:1, instance:scripts.caso0026_Cambiar_a_estado_Almuerzo@2aaf7cc2]" name="ingresarRUT" duration-ms="3152" started-at="2019-09-06T12:24:36Z" finished-at="2019-09-06T12:24:39Z">
          <reporter-output>
          </reporter-output>
        </test-method> <!-- ingresarRUT -->
        <test-method status="PASS" signature="ingresarPASS()[pri:2, instance:scripts.caso0026_Cambiar_a_estado_Almuerzo@2aaf7cc2]" name="ingresarPASS" duration-ms="5324" started-at="2019-09-06T12:24:39Z" finished-at="2019-09-06T12:24:44Z">
          <reporter-output>
          </reporter-output>
        </test-method> <!-- ingresarPASS -->
        <test-method status="PASS" signature="validarPagBienvenidos()[pri:3, instance:scripts.caso0026_Cambiar_a_estado_Almuerzo@2aaf7cc2]" name="validarPagBienvenidos" duration-ms="4528" started-at="2019-09-06T12:24:44Z" finished-at="2019-09-06T12:24:49Z">
          <reporter-output>
          </reporter-output>
        </test-method> <!-- validarPagBienvenidos -->
        <test-method status="PASS" signature="cambioEstadoAlmuerzo()[pri:4, instance:scripts.caso0026_Cambiar_a_estado_Almuerzo@2aaf7cc2]" name="cambioEstadoAlmuerzo" duration-ms="4927" started-at="2019-09-06T12:24:49Z" finished-at="2019-09-06T12:24:54Z">
          <reporter-output>
          </reporter-output>
        </test-method> <!-- cambioEstadoAlmuerzo -->
        <test-method status="PASS" signature="cerrarSesion()[pri:5, instance:scripts.caso0026_Cambiar_a_estado_Almuerzo@2aaf7cc2]" name="cerrarSesion" duration-ms="4637" started-at="2019-09-06T12:24:54Z" finished-at="2019-09-06T12:24:58Z">
          <reporter-output>
          </reporter-output>
        </test-method> <!-- cerrarSesion -->
        <test-method status="PASS" signature="cargarEvidencias()[pri:6, instance:scripts.caso0026_Cambiar_a_estado_Almuerzo@2aaf7cc2]" name="cargarEvidencias" duration-ms="3007" started-at="2019-09-06T12:24:58Z" finished-at="2019-09-06T12:25:01Z">
          <reporter-output>
          </reporter-output>
        </test-method> <!-- cargarEvidencias -->
        <test-method status="PASS" signature="cerrarBrowser()[pri:0, instance:scripts.caso0026_Cambiar_a_estado_Almuerzo@2aaf7cc2]" name="cerrarBrowser" is-config="true" duration-ms="3759" started-at="2019-09-06T12:25:01Z" finished-at="2019-09-06T12:25:05Z">
          <reporter-output>
          </reporter-output>
        </test-method> <!-- cerrarBrowser -->
      </class> <!-- scripts.caso0026_Cambiar_a_estado_Almuerzo -->
    </test> <!-- Default test -->
  </suite> <!-- Default suite -->
</testng-results>
