<?xml version="1.0" encoding="UTF-8"?>
<testng-results skipped="0" failed="0" total="2" passed="2">
  <reporter-output>
  </reporter-output>
  <suite name="Default suite" duration-ms="13862" started-at="2019-09-04T20:46:57Z" finished-at="2019-09-04T20:47:11Z">
    <groups>
    </groups>
    <test name="Default test" duration-ms="13862" started-at="2019-09-04T20:46:57Z" finished-at="2019-09-04T20:47:11Z">
      <class name="scripts.caso0001_Ingresar_con_un_RUT_que_no_cumpla_el_estandar_de_cedula_chilena">
        <test-method status="PASS" signature="ejecutarBrowser()[pri:0, instance:scripts.caso0001_Ingresar_con_un_RUT_que_no_cumpla_el_estandar_de_cedula_chilena@2aaf7cc2]" name="ejecutarBrowser" is-config="true" duration-ms="4592" started-at="2019-09-04T16:46:57Z" finished-at="2019-09-04T16:47:01Z">
          <reporter-output>
          </reporter-output>
        </test-method> <!-- ejecutarBrowser -->
        <test-method status="PASS" signature="ingresarRutInvalido()[pri:0, instance:scripts.caso0001_Ingresar_con_un_RUT_que_no_cumpla_el_estandar_de_cedula_chilena@2aaf7cc2]" name="ingresarRutInvalido" duration-ms="2460" started-at="2019-09-04T16:47:01Z" finished-at="2019-09-04T16:47:04Z">
          <reporter-output>
          </reporter-output>
        </test-method> <!-- ingresarRutInvalido -->
        <test-method status="PASS" signature="cargarEvidencias()[pri:1, instance:scripts.caso0001_Ingresar_con_un_RUT_que_no_cumpla_el_estandar_de_cedula_chilena@2aaf7cc2]" name="cargarEvidencias" duration-ms="3008" started-at="2019-09-04T16:47:04Z" finished-at="2019-09-04T16:47:07Z">
          <reporter-output>
          </reporter-output>
        </test-method> <!-- cargarEvidencias -->
        <test-method status="PASS" signature="cerrarBrowser()[pri:0, instance:scripts.caso0001_Ingresar_con_un_RUT_que_no_cumpla_el_estandar_de_cedula_chilena@2aaf7cc2]" name="cerrarBrowser" is-config="true" duration-ms="3787" started-at="2019-09-04T16:47:07Z" finished-at="2019-09-04T16:47:11Z">
          <reporter-output>
          </reporter-output>
        </test-method> <!-- cerrarBrowser -->
      </class> <!-- scripts.caso0001_Ingresar_con_un_RUT_que_no_cumpla_el_estandar_de_cedula_chilena -->
    </test> <!-- Default test -->
  </suite> <!-- Default suite -->
</testng-results>
