<?xml version="1.0" encoding="UTF-8"?>
<testng-results skipped="0" failed="0" total="11" passed="11">
  <reporter-output>
  </reporter-output>
  <suite name="Default suite" duration-ms="53465" started-at="2019-09-10T17:48:10Z" finished-at="2019-09-10T17:49:04Z">
    <groups>
    </groups>
    <test name="Default test" duration-ms="53465" started-at="2019-09-10T17:48:10Z" finished-at="2019-09-10T17:49:04Z">
      <class name="scripts.caso0082_Actualizar_RUT_de_cliente_formato_incorrecto">
        <test-method status="PASS" signature="ejecutarBrowser()[pri:0, instance:scripts.caso0082_Actualizar_RUT_de_cliente_formato_incorrecto@6e3c1e69]" name="ejecutarBrowser" is-config="true" duration-ms="4552" started-at="2019-09-10T14:48:10Z" finished-at="2019-09-10T14:48:15Z">
          <reporter-output>
          </reporter-output>
        </test-method> <!-- ejecutarBrowser -->
        <test-method status="PASS" signature="ingresarRUT()[pri:1, instance:scripts.caso0082_Actualizar_RUT_de_cliente_formato_incorrecto@6e3c1e69]" name="ingresarRUT" duration-ms="3234" started-at="2019-09-10T14:48:15Z" finished-at="2019-09-10T14:48:18Z">
          <reporter-output>
          </reporter-output>
        </test-method> <!-- ingresarRUT -->
        <test-method status="PASS" signature="ingresarPASS()[pri:2, instance:scripts.caso0082_Actualizar_RUT_de_cliente_formato_incorrecto@6e3c1e69]" name="ingresarPASS" duration-ms="5390" started-at="2019-09-10T14:48:18Z" finished-at="2019-09-10T14:48:24Z">
          <reporter-output>
          </reporter-output>
        </test-method> <!-- ingresarPASS -->
        <test-method status="PASS" signature="ingresoDashboard()[pri:3, instance:scripts.caso0082_Actualizar_RUT_de_cliente_formato_incorrecto@6e3c1e69]" name="ingresoDashboard" duration-ms="3254" started-at="2019-09-10T14:48:24Z" finished-at="2019-09-10T14:48:27Z">
          <reporter-output>
          </reporter-output>
        </test-method> <!-- ingresoDashboard -->
        <test-method status="PASS" signature="iniciandoLlamada()[pri:4, instance:scripts.caso0082_Actualizar_RUT_de_cliente_formato_incorrecto@6e3c1e69]" name="iniciandoLlamada" duration-ms="8418" started-at="2019-09-10T14:48:27Z" finished-at="2019-09-10T14:48:35Z">
          <reporter-output>
          </reporter-output>
        </test-method> <!-- iniciandoLlamada -->
        <test-method status="PASS" signature="finalizarLlamada()[pri:5, instance:scripts.caso0082_Actualizar_RUT_de_cliente_formato_incorrecto@6e3c1e69]" name="finalizarLlamada" duration-ms="2771" started-at="2019-09-10T14:48:35Z" finished-at="2019-09-10T14:48:38Z">
          <reporter-output>
          </reporter-output>
        </test-method> <!-- finalizarLlamada -->
        <test-method status="PASS" signature="modificarDatosClienteRUT()[pri:6, instance:scripts.caso0082_Actualizar_RUT_de_cliente_formato_incorrecto@6e3c1e69]" name="modificarDatosClienteRUT" duration-ms="4683" started-at="2019-09-10T14:48:38Z" finished-at="2019-09-10T14:48:43Z">
          <reporter-output>
          </reporter-output>
        </test-method> <!-- modificarDatosClienteRUT -->
        <test-method status="PASS" signature="seleccionDeEstadoCierre()[pri:7, instance:scripts.caso0082_Actualizar_RUT_de_cliente_formato_incorrecto@6e3c1e69]" name="seleccionDeEstadoCierre" duration-ms="3401" started-at="2019-09-10T14:48:43Z" finished-at="2019-09-10T14:48:46Z">
          <reporter-output>
          </reporter-output>
        </test-method> <!-- seleccionDeEstadoCierre -->
        <test-method status="PASS" signature="agregarNota()[pri:8, instance:scripts.caso0082_Actualizar_RUT_de_cliente_formato_incorrecto@6e3c1e69]" name="agregarNota" duration-ms="2168" started-at="2019-09-10T14:48:46Z" finished-at="2019-09-10T14:48:48Z">
          <reporter-output>
          </reporter-output>
        </test-method> <!-- agregarNota -->
        <test-method status="PASS" signature="guardarDatos()[pri:9, instance:scripts.caso0082_Actualizar_RUT_de_cliente_formato_incorrecto@6e3c1e69]" name="guardarDatos" duration-ms="2772" started-at="2019-09-10T14:48:48Z" finished-at="2019-09-10T14:48:51Z">
          <reporter-output>
          </reporter-output>
        </test-method> <!-- guardarDatos -->
        <test-method status="PASS" signature="cerrarSesion()[pri:10, instance:scripts.caso0082_Actualizar_RUT_de_cliente_formato_incorrecto@6e3c1e69]" name="cerrarSesion" duration-ms="5958" started-at="2019-09-10T14:48:51Z" finished-at="2019-09-10T14:48:57Z">
          <reporter-output>
          </reporter-output>
        </test-method> <!-- cerrarSesion -->
        <test-method status="PASS" signature="cargarEvidencias()[pri:11, instance:scripts.caso0082_Actualizar_RUT_de_cliente_formato_incorrecto@6e3c1e69]" name="cargarEvidencias" duration-ms="3011" started-at="2019-09-10T14:48:57Z" finished-at="2019-09-10T14:49:00Z">
          <reporter-output>
          </reporter-output>
        </test-method> <!-- cargarEvidencias -->
        <test-method status="PASS" signature="cerrarBrowser()[pri:0, instance:scripts.caso0082_Actualizar_RUT_de_cliente_formato_incorrecto@6e3c1e69]" name="cerrarBrowser" is-config="true" duration-ms="3830" started-at="2019-09-10T14:49:00Z" finished-at="2019-09-10T14:49:04Z">
          <reporter-output>
          </reporter-output>
        </test-method> <!-- cerrarBrowser -->
      </class> <!-- scripts.caso0082_Actualizar_RUT_de_cliente_formato_incorrecto -->
    </test> <!-- Default test -->
  </suite> <!-- Default suite -->
</testng-results>
