<?xml version="1.0" encoding="UTF-8"?>
<testng-results skipped="0" failed="0" total="2" passed="2">
  <reporter-output>
  </reporter-output>
  <suite name="Default suite" duration-ms="13358" started-at="2019-08-14T12:22:26Z" finished-at="2019-08-14T12:22:39Z">
    <groups>
    </groups>
    <test name="Default test" duration-ms="13358" started-at="2019-08-14T12:22:26Z" finished-at="2019-08-14T12:22:39Z">
      <class name="scripts.caso0001_Validar_valor_rut_invalido">
        <test-method status="PASS" signature="ejecutarBrowser()[pri:0, instance:scripts.caso0001_Validar_valor_rut_invalido@516be40f]" name="ejecutarBrowser" is-config="true" duration-ms="4592" started-at="2019-08-14T08:22:26Z" finished-at="2019-08-14T08:22:30Z">
          <reporter-output>
          </reporter-output>
        </test-method> <!-- ejecutarBrowser -->
        <test-method status="PASS" signature="ingresarRutInvalido()[pri:0, instance:scripts.caso0001_Validar_valor_rut_invalido@516be40f]" name="ingresarRutInvalido" duration-ms="1890" started-at="2019-08-14T08:22:30Z" finished-at="2019-08-14T08:22:32Z">
          <reporter-output>
          </reporter-output>
        </test-method> <!-- ingresarRutInvalido -->
        <test-method status="PASS" signature="cargarEvidencias()[pri:1, instance:scripts.caso0001_Validar_valor_rut_invalido@516be40f]" name="cargarEvidencias" duration-ms="3005" started-at="2019-08-14T08:22:32Z" finished-at="2019-08-14T08:22:35Z">
          <reporter-output>
          </reporter-output>
        </test-method> <!-- cargarEvidencias -->
        <test-method status="PASS" signature="cerrarBrowser()[pri:0, instance:scripts.caso0001_Validar_valor_rut_invalido@516be40f]" name="cerrarBrowser" is-config="true" duration-ms="3850" started-at="2019-08-14T08:22:35Z" finished-at="2019-08-14T08:22:39Z">
          <reporter-output>
          </reporter-output>
        </test-method> <!-- cerrarBrowser -->
      </class> <!-- scripts.caso0001_Validar_valor_rut_invalido -->
    </test> <!-- Default test -->
  </suite> <!-- Default suite -->
</testng-results>
